<?xml version="1.0" encoding="UTF-8"?>
<!-- Generated by org.testng.reporters.JUnitXMLReporter -->
<testsuite ignored="0" hostname="HYD-T3LYTBHULZN" failures="0" tests="21" name="Default test" time="0.147" errors="0" timestamp="2025-10-04T11:34:03 IST">
  <testcase classname="com.taskmanager.service.TaskServiceTests" name="testCreateTaskWithDifferentPriorities" time="0.007"/>
  <testcase classname="com.taskmanager.service.TaskServiceTests" name="testCreateTaskWithDifferentPriorities" time="0.001"/>
  <testcase classname="com.taskmanager.service.TaskServiceTests" name="testCreateTaskWithDifferentPriorities" time="0.001"/>
  <testcase classname="com.taskmanager.service.TaskServiceTests" name="testCreateTaskWithEmptyTitleThrows" time="0.001"/>
  <testcase classname="com.taskmanager.service.TaskServiceTests" name="testDueDateValidation" time="0.001"/>
  <testcase classname="com.taskmanager.service.TaskServiceTests" name="testDueDateValidation" time="0.001"/>
  <testcase classname="com.taskmanager.service.TaskServiceTests" name="testDueDateValidation" time="0.003"/>
  <testcase classname="com.taskmanager.service.TaskServiceTests" name="testDuplicateTaskCreationThrows" time="0.002"/>
  <testcase classname="com.taskmanager.service.TaskServiceTests" name="testGetTasksByStatusReturnsCorrectList" time="0.003"/>
  <testcase classname="com.taskmanager.service.TaskServiceTests" name="testTaskWithLargeDescription" time="0.001"/>
  <testcase classname="com.taskmanager.service.TaskServiceTests" name="testUpdateNonExistingTaskThrows" time="0.0"/>
  <testcase classname="com.taskmanager.service.TaskServiceTests" name="testCreateTask" time="0.001"/>
  <testcase classname="com.taskmanager.service.TaskServiceTests" name="testUpdateTask" time="0.001"/>
  <testcase classname="com.taskmanager.service.TaskServiceTests" name="testDeleteTaskAndEnsureRemoval" time="0.002"/>
  <testcase classname="com.taskmanager.service.ReportServiceTests" name="testPrioritySummary" time="0.004"/>
  <testcase classname="com.taskmanager.service.ReportServiceTests" name="testStatusSummary" time="0.001"/>
  <testcase classname="com.taskmanager.util.DateValidatorTest" name="testParseDate" time="0.008"/>
  <testcase classname="com.taskmanager.util.DateValidatorTest" name="testParseDate" time="0.001"/>
  <testcase classname="com.taskmanager.util.DateValidatorTest" name="testParseDate" time="0.0"/>
  <testcase classname="com.taskmanager.util.DateValidatorTest" name="testParseDate" time="0.001"/>
  <testcase classname="com.taskmanager.util.DateValidatorTest" name="testParseDate" time="0.001"/>
</testsuite> <!-- Default test -->
